2024-12-29 03:58:45,972 - experiment_logger_temp - INFO - Experiment run initialized with Run ID: temp
2024-12-29 03:58:45,972 - experiment_logger_temp - INFO - Using device: cuda:0
2024-12-29 03:58:45,973 - experiment_logger_temp - INFO - Random seed set to 142
2024-12-29 03:58:46,489 - experiment_logger_temp - INFO - Loaded 12 datasets.
2024-12-29 03:58:46,490 - experiment_logger_temp - INFO - Dataset '0021_systolic_aneurysm' shape: (11005, 18)
2024-12-29 03:58:46,491 - experiment_logger_temp - INFO - Dataset '0022_systolic_aneurysm' shape: (12430, 18)
2024-12-29 03:58:46,491 - experiment_logger_temp - INFO - Dataset '0023_systolic_aneurysm' shape: (12216, 18)
2024-12-29 03:58:46,502 - experiment_logger_temp - INFO - Dataset '0025_systolic_aneurysm' shape: (12395, 18)
2024-12-29 03:58:46,504 - experiment_logger_temp - INFO - Dataset '0021_diastolic_aneurysm' shape: (11005, 18)
2024-12-29 03:58:46,505 - experiment_logger_temp - INFO - Dataset '0022_diastolic_aneurysm' shape: (12430, 18)
2024-12-29 03:58:46,506 - experiment_logger_temp - INFO - Dataset '0023_diastolic_aneurysm' shape: (12216, 18)
2024-12-29 03:58:46,507 - experiment_logger_temp - INFO - Dataset '0025_diastolic_aneurysm' shape: (12395, 18)
2024-12-29 03:58:46,508 - experiment_logger_temp - INFO - Dataset '0024_systolic' shape: (30898, 18)
2024-12-29 03:58:46,509 - experiment_logger_temp - INFO - Dataset '0142_systolic' shape: (97143, 18)
2024-12-29 03:58:46,509 - experiment_logger_temp - INFO - Dataset '0024_diastolic' shape: (30898, 18)
2024-12-29 03:58:46,510 - experiment_logger_temp - INFO - Dataset '0142_diastolic' shape: (97143, 18)
2024-12-29 04:21:17,546 - experiment_logger_temp - INFO - Experiment run initialized with Run ID: temp
2024-12-29 04:21:17,547 - experiment_logger_temp - INFO - Using device: cuda:0
2024-12-29 04:21:17,548 - experiment_logger_temp - INFO - Random seed set to 142
2024-12-29 04:21:18,021 - experiment_logger_temp - INFO - Loaded 12 datasets.
2024-12-29 04:21:18,022 - experiment_logger_temp - INFO - Dataset '0021_systolic_aneurysm' shape: (11005, 18)
2024-12-29 04:21:18,022 - experiment_logger_temp - INFO - Dataset '0022_systolic_aneurysm' shape: (12430, 18)
2024-12-29 04:21:18,022 - experiment_logger_temp - INFO - Dataset '0023_systolic_aneurysm' shape: (12216, 18)
2024-12-29 04:21:18,023 - experiment_logger_temp - INFO - Dataset '0025_systolic_aneurysm' shape: (12395, 18)
2024-12-29 04:21:18,023 - experiment_logger_temp - INFO - Dataset '0021_diastolic_aneurysm' shape: (11005, 18)
2024-12-29 04:21:18,024 - experiment_logger_temp - INFO - Dataset '0022_diastolic_aneurysm' shape: (12430, 18)
2024-12-29 04:21:18,024 - experiment_logger_temp - INFO - Dataset '0023_diastolic_aneurysm' shape: (12216, 18)
2024-12-29 04:21:18,024 - experiment_logger_temp - INFO - Dataset '0025_diastolic_aneurysm' shape: (12395, 18)
2024-12-29 04:21:18,024 - experiment_logger_temp - INFO - Dataset '0024_systolic' shape: (30898, 18)
2024-12-29 04:21:18,024 - experiment_logger_temp - INFO - Dataset '0142_systolic' shape: (97143, 18)
2024-12-29 04:21:18,025 - experiment_logger_temp - INFO - Dataset '0024_diastolic' shape: (30898, 18)
2024-12-29 04:21:18,025 - experiment_logger_temp - INFO - Dataset '0142_diastolic' shape: (97143, 18)
2024-12-29 10:13:45,772 - experiment_logger_temp - INFO - Experiment run initialized with Run ID: temp
2024-12-29 10:13:45,773 - experiment_logger_temp - INFO - Using device: cuda:0
2024-12-29 10:13:45,773 - experiment_logger_temp - INFO - Random seed set to 142
2024-12-29 10:13:46,262 - experiment_logger_temp - INFO - Loaded 12 datasets.
2024-12-29 10:13:46,263 - experiment_logger_temp - INFO - Dataset '0021_systolic_aneurysm' shape: (11005, 18)
2024-12-29 10:13:46,263 - experiment_logger_temp - INFO - Dataset '0022_systolic_aneurysm' shape: (12430, 18)
2024-12-29 10:13:46,264 - experiment_logger_temp - INFO - Dataset '0023_systolic_aneurysm' shape: (12216, 18)
2024-12-29 10:13:46,264 - experiment_logger_temp - INFO - Dataset '0025_systolic_aneurysm' shape: (12395, 18)
2024-12-29 10:13:46,265 - experiment_logger_temp - INFO - Dataset '0021_diastolic_aneurysm' shape: (11005, 18)
2024-12-29 10:13:46,265 - experiment_logger_temp - INFO - Dataset '0022_diastolic_aneurysm' shape: (12430, 18)
2024-12-29 10:13:46,266 - experiment_logger_temp - INFO - Dataset '0023_diastolic_aneurysm' shape: (12216, 18)
2024-12-29 10:13:46,266 - experiment_logger_temp - INFO - Dataset '0025_diastolic_aneurysm' shape: (12395, 18)
2024-12-29 10:13:46,266 - experiment_logger_temp - INFO - Dataset '0024_systolic' shape: (30898, 18)
2024-12-29 10:13:46,266 - experiment_logger_temp - INFO - Dataset '0142_systolic' shape: (97143, 18)
2024-12-29 10:13:46,267 - experiment_logger_temp - INFO - Dataset '0024_diastolic' shape: (30898, 18)
2024-12-29 10:13:46,267 - experiment_logger_temp - INFO - Dataset '0142_diastolic' shape: (97143, 18)
