2025-02-07 16:50:27,791 - pinn_density_analysis - INFO - Starting PINN Density Analysis
2025-02-07 16:50:27,816 - pinn_density_analysis - INFO - Initializing scalers...
2025-02-07 16:50:27,823 - pinn_density_analysis - INFO - Creating dataset...
2025-02-07 16:50:27,835 - pinn_density_analysis - INFO - Training PINN...
2025-02-07 16:50:27,851 - pinn_density_analysis - INFO - Initialized 7 separate PINN models for p, u, v, w, tau_x, tau_y, tau_z.
2025-02-07 16:50:28,531 - pinn_density_analysis - INFO - Optimizer and scheduler initialized for all separate PINNs.
2025-02-07 16:51:16,323 - pinn_density_analysis - INFO - Epoch 10/500 - Loss: 38.357433, Time: 4.972s
2025-02-07 16:52:01,220 - pinn_density_analysis - INFO - Epoch 20/500 - Loss: 21.965023, Time: 4.210s
2025-02-07 16:52:43,731 - pinn_density_analysis - INFO - Epoch 30/500 - Loss: 15.535993, Time: 4.368s
2025-02-07 16:53:32,290 - pinn_density_analysis - INFO - Epoch 40/500 - Loss: 12.096805, Time: 4.610s
2025-02-07 16:54:21,928 - pinn_density_analysis - INFO - Epoch 50/500 - Loss: 10.028460, Time: 4.884s
2025-02-07 16:55:12,083 - pinn_density_analysis - INFO - Epoch 60/500 - Loss: 8.599193, Time: 5.174s
2025-02-07 16:56:01,159 - pinn_density_analysis - INFO - Epoch 70/500 - Loss: 7.542528, Time: 5.201s
2025-02-07 16:56:50,169 - pinn_density_analysis - INFO - Epoch 80/500 - Loss: 6.714226, Time: 5.162s
2025-02-07 16:57:39,573 - pinn_density_analysis - INFO - Epoch 90/500 - Loss: 6.041769, Time: 5.118s
2025-02-07 16:58:28,616 - pinn_density_analysis - INFO - Epoch 100/500 - Loss: 5.483124, Time: 5.135s
2025-02-07 16:59:17,652 - pinn_density_analysis - INFO - Epoch 110/500 - Loss: 5.010670, Time: 5.215s
2025-02-07 17:00:06,397 - pinn_density_analysis - INFO - Epoch 120/500 - Loss: 4.605834, Time: 4.794s
2025-02-07 17:00:55,170 - pinn_density_analysis - INFO - Epoch 130/500 - Loss: 4.255343, Time: 4.570s
2025-02-07 17:01:43,808 - pinn_density_analysis - INFO - Epoch 140/500 - Loss: 3.949478, Time: 4.595s
2025-02-07 17:02:32,775 - pinn_density_analysis - INFO - Epoch 150/500 - Loss: 3.680737, Time: 4.600s
2025-02-07 17:03:24,041 - pinn_density_analysis - INFO - Epoch 160/500 - Loss: 3.443112, Time: 4.847s
2025-02-07 17:04:12,823 - pinn_density_analysis - INFO - Epoch 170/500 - Loss: 3.231726, Time: 4.875s
2025-02-07 17:05:01,178 - pinn_density_analysis - INFO - Epoch 180/500 - Loss: 3.042603, Time: 4.968s
2025-02-07 17:05:49,721 - pinn_density_analysis - INFO - Epoch 190/500 - Loss: 2.872469, Time: 5.090s
2025-02-07 17:06:38,045 - pinn_density_analysis - INFO - Epoch 200/500 - Loss: 2.718608, Time: 4.607s
2025-02-07 17:07:25,782 - pinn_density_analysis - INFO - Epoch 210/500 - Loss: 2.590912, Time: 4.503s
2025-02-07 17:08:15,657 - pinn_density_analysis - INFO - Epoch 220/500 - Loss: 2.474596, Time: 5.492s
2025-02-07 17:09:04,145 - pinn_density_analysis - INFO - Epoch 230/500 - Loss: 2.366898, Time: 4.818s
2025-02-07 17:09:52,525 - pinn_density_analysis - INFO - Epoch 240/500 - Loss: 2.266825, Time: 4.538s
2025-02-07 17:10:41,547 - pinn_density_analysis - INFO - Epoch 250/500 - Loss: 2.173547, Time: 5.110s
2025-02-07 17:11:29,754 - pinn_density_analysis - INFO - Epoch 260/500 - Loss: 2.086366, Time: 4.643s
2025-02-07 17:12:17,435 - pinn_density_analysis - INFO - Epoch 270/500 - Loss: 2.004682, Time: 4.762s
2025-02-07 17:13:05,505 - pinn_density_analysis - INFO - Epoch 280/500 - Loss: 1.927979, Time: 4.643s
2025-02-07 17:13:54,946 - pinn_density_analysis - INFO - Epoch 290/500 - Loss: 1.855802, Time: 5.122s
2025-02-07 17:14:43,027 - pinn_density_analysis - INFO - Epoch 300/500 - Loss: 1.787754, Time: 4.541s
2025-02-07 17:15:31,819 - pinn_density_analysis - INFO - Epoch 310/500 - Loss: 1.723483, Time: 5.228s
2025-02-07 17:16:20,276 - pinn_density_analysis - INFO - Epoch 320/500 - Loss: 1.662680, Time: 4.879s
2025-02-07 17:17:07,485 - pinn_density_analysis - INFO - Epoch 330/500 - Loss: 1.605068, Time: 4.742s
2025-02-07 17:17:56,090 - pinn_density_analysis - INFO - Epoch 340/500 - Loss: 1.550401, Time: 5.128s
2025-02-07 17:18:44,742 - pinn_density_analysis - INFO - Epoch 350/500 - Loss: 1.498460, Time: 4.520s
2025-02-07 17:19:34,136 - pinn_density_analysis - INFO - Epoch 360/500 - Loss: 1.449046, Time: 4.967s
2025-02-07 17:20:23,272 - pinn_density_analysis - INFO - Epoch 370/500 - Loss: 1.401983, Time: 4.993s
2025-02-07 17:21:10,784 - pinn_density_analysis - INFO - Epoch 380/500 - Loss: 1.357113, Time: 4.977s
2025-02-07 17:21:59,773 - pinn_density_analysis - INFO - Epoch 390/500 - Loss: 1.314292, Time: 5.115s
2025-02-07 17:22:47,812 - pinn_density_analysis - INFO - Epoch 400/500 - Loss: 1.273388, Time: 4.582s
2025-02-07 17:23:35,829 - pinn_density_analysis - INFO - Epoch 410/500 - Loss: 1.237746, Time: 4.507s
2025-02-07 17:24:24,293 - pinn_density_analysis - INFO - Epoch 420/500 - Loss: 1.203873, Time: 5.208s
2025-02-07 17:25:12,639 - pinn_density_analysis - INFO - Epoch 430/500 - Loss: 1.171274, Time: 4.813s
2025-02-07 17:26:00,103 - pinn_density_analysis - INFO - Epoch 440/500 - Loss: 1.139878, Time: 4.532s
2025-02-07 17:26:52,395 - pinn_density_analysis - INFO - Epoch 450/500 - Loss: 1.109627, Time: 5.050s
2025-02-07 17:27:42,030 - pinn_density_analysis - INFO - Epoch 460/500 - Loss: 1.080467, Time: 4.766s
2025-02-07 17:28:29,997 - pinn_density_analysis - INFO - Epoch 470/500 - Loss: 1.052349, Time: 4.595s
2025-02-07 17:29:18,051 - pinn_density_analysis - INFO - Epoch 480/500 - Loss: 1.025229, Time: 4.592s
2025-02-07 17:30:08,107 - pinn_density_analysis - INFO - Epoch 490/500 - Loss: 0.999063, Time: 5.356s
2025-02-07 17:30:58,101 - pinn_density_analysis - INFO - Epoch 500/500 - Loss: 0.973810, Time: 4.771s
2025-02-07 17:30:58,107 - pinn_density_analysis - INFO - Generating dense predictions...
2025-02-07 17:31:07,577 - pinn_density_analysis - INFO - Creating visualizations...
2025-02-07 17:31:08,830 - pinn_density_analysis - INFO - 
Performance Comparison:
2025-02-07 17:31:08,831 - pinn_density_analysis - INFO - CFD Data Points: 11005
2025-02-07 17:31:08,832 - pinn_density_analysis - INFO - PINN Prediction Points: 1105920
2025-02-07 17:31:08,832 - pinn_density_analysis - INFO - Density Increase: 100.5x
2025-02-07 17:31:08,833 - pinn_density_analysis - INFO - 
Computational Performance:
2025-02-07 17:31:08,833 - pinn_density_analysis - INFO - Training Time: 0.68 hours
2025-02-07 17:31:08,834 - pinn_density_analysis - INFO - Inference Time: 9.45 seconds
2025-02-07 17:31:08,834 - pinn_density_analysis - INFO - Points per Second: 117089
2025-02-07 17:31:08,834 - pinn_density_analysis - INFO - Memory Usage - Training: 7.51 GB
2025-02-07 17:31:08,834 - pinn_density_analysis - INFO - Memory Usage - Inference: 0.02 GB
2025-02-07 17:31:08,835 - pinn_density_analysis - INFO - Analysis complete!
