2025-02-07 13:39:10,784 - pinn_density_analysis - INFO - Starting PINN Density Analysis
2025-02-07 13:39:10,808 - pinn_density_analysis - INFO - Initializing scalers...
2025-02-07 13:39:10,816 - pinn_density_analysis - INFO - Creating dataset...
2025-02-07 13:39:10,825 - pinn_density_analysis - INFO - Training PINN...
2025-02-07 13:39:10,841 - pinn_density_analysis - INFO - Initialized 7 separate PINN models for p, u, v, w, tau_x, tau_y, tau_z.
2025-02-07 13:39:11,453 - pinn_density_analysis - INFO - Optimizer and scheduler initialized for all separate PINNs.
2025-02-07 13:39:55,346 - pinn_density_analysis - INFO - Epoch 10/500 - Loss: 38.362511, Time: 4.238s
2025-02-07 13:40:38,138 - pinn_density_analysis - INFO - Epoch 20/500 - Loss: 23.892927, Time: 4.432s
2025-02-07 13:41:20,898 - pinn_density_analysis - INFO - Epoch 30/500 - Loss: 18.206003, Time: 4.249s
2025-02-07 13:42:08,236 - pinn_density_analysis - INFO - Epoch 40/500 - Loss: 14.893814, Time: 4.841s
2025-02-07 13:42:56,941 - pinn_density_analysis - INFO - Epoch 50/500 - Loss: 12.808458, Time: 4.632s
2025-02-07 13:43:46,593 - pinn_density_analysis - INFO - Epoch 60/500 - Loss: 11.329091, Time: 4.929s
2025-02-07 13:44:36,286 - pinn_density_analysis - INFO - Epoch 70/500 - Loss: 10.226129, Time: 5.062s
2025-02-07 13:45:24,003 - pinn_density_analysis - INFO - Epoch 80/500 - Loss: 9.347165, Time: 4.502s
2025-02-07 13:46:12,187 - pinn_density_analysis - INFO - Epoch 90/500 - Loss: 8.615069, Time: 4.953s
2025-02-07 13:47:00,224 - pinn_density_analysis - INFO - Epoch 100/500 - Loss: 7.989031, Time: 4.554s
2025-02-07 13:47:48,061 - pinn_density_analysis - INFO - Epoch 110/500 - Loss: 7.445980, Time: 4.527s
2025-02-07 13:48:36,496 - pinn_density_analysis - INFO - Epoch 120/500 - Loss: 6.970004, Time: 5.080s
2025-02-07 13:49:24,201 - pinn_density_analysis - INFO - Epoch 130/500 - Loss: 6.548968, Time: 4.497s
2025-02-07 13:50:12,398 - pinn_density_analysis - INFO - Epoch 140/500 - Loss: 6.173323, Time: 5.062s
2025-02-07 13:51:00,116 - pinn_density_analysis - INFO - Epoch 150/500 - Loss: 5.835670, Time: 4.545s
2025-02-07 13:51:48,005 - pinn_density_analysis - INFO - Epoch 160/500 - Loss: 5.530254, Time: 4.683s
2025-02-07 13:52:36,764 - pinn_density_analysis - INFO - Epoch 170/500 - Loss: 5.252582, Time: 5.066s
2025-02-07 13:53:24,165 - pinn_density_analysis - INFO - Epoch 180/500 - Loss: 4.999130, Time: 4.552s
2025-02-07 13:54:12,609 - pinn_density_analysis - INFO - Epoch 190/500 - Loss: 4.767094, Time: 5.592s
2025-02-07 13:54:55,642 - pinn_density_analysis - INFO - Epoch 200/500 - Loss: 4.554140, Time: 4.199s
2025-02-07 13:55:37,540 - pinn_density_analysis - INFO - Epoch 210/500 - Loss: 4.375319, Time: 4.185s
2025-02-07 13:56:19,321 - pinn_density_analysis - INFO - Epoch 220/500 - Loss: 4.210945, Time: 4.161s
2025-02-07 13:57:01,388 - pinn_density_analysis - INFO - Epoch 230/500 - Loss: 4.057585, Time: 4.349s
2025-02-07 13:57:43,805 - pinn_density_analysis - INFO - Epoch 240/500 - Loss: 3.914158, Time: 4.218s
2025-02-07 13:58:26,015 - pinn_density_analysis - INFO - Epoch 250/500 - Loss: 3.779739, Time: 4.252s
2025-02-07 13:59:07,960 - pinn_density_analysis - INFO - Epoch 260/500 - Loss: 3.653499, Time: 4.190s
2025-02-07 13:59:49,861 - pinn_density_analysis - INFO - Epoch 270/500 - Loss: 3.534710, Time: 4.177s
2025-02-07 14:00:31,800 - pinn_density_analysis - INFO - Epoch 280/500 - Loss: 3.422722, Time: 4.166s
2025-02-07 14:01:13,731 - pinn_density_analysis - INFO - Epoch 290/500 - Loss: 3.316952, Time: 4.216s
2025-02-07 14:01:55,532 - pinn_density_analysis - INFO - Epoch 300/500 - Loss: 3.216889, Time: 4.167s
2025-02-07 14:02:41,113 - pinn_density_analysis - INFO - Epoch 310/500 - Loss: 3.122071, Time: 4.653s
2025-02-07 14:03:23,268 - pinn_density_analysis - INFO - Epoch 320/500 - Loss: 3.032087, Time: 4.224s
2025-02-07 14:04:05,101 - pinn_density_analysis - INFO - Epoch 330/500 - Loss: 2.946569, Time: 4.163s
2025-02-07 14:04:47,316 - pinn_density_analysis - INFO - Epoch 340/500 - Loss: 2.865179, Time: 4.185s
2025-02-07 14:05:29,245 - pinn_density_analysis - INFO - Epoch 350/500 - Loss: 2.787616, Time: 4.227s
2025-02-07 14:06:11,234 - pinn_density_analysis - INFO - Epoch 360/500 - Loss: 2.713606, Time: 4.277s
2025-02-07 14:06:53,184 - pinn_density_analysis - INFO - Epoch 370/500 - Loss: 2.642901, Time: 4.172s
2025-02-07 14:07:35,092 - pinn_density_analysis - INFO - Epoch 380/500 - Loss: 2.575272, Time: 4.192s
2025-02-07 14:08:17,022 - pinn_density_analysis - INFO - Epoch 390/500 - Loss: 2.510517, Time: 4.195s
2025-02-07 14:08:58,789 - pinn_density_analysis - INFO - Epoch 400/500 - Loss: 2.448442, Time: 4.152s
2025-02-07 14:09:40,860 - pinn_density_analysis - INFO - Epoch 410/500 - Loss: 2.394157, Time: 4.172s
2025-02-07 14:10:22,732 - pinn_density_analysis - INFO - Epoch 420/500 - Loss: 2.342382, Time: 4.171s
2025-02-07 14:11:04,459 - pinn_density_analysis - INFO - Epoch 430/500 - Loss: 2.292370, Time: 4.176s
2025-02-07 14:11:46,468 - pinn_density_analysis - INFO - Epoch 440/500 - Loss: 2.244015, Time: 4.169s
2025-02-07 14:12:28,324 - pinn_density_analysis - INFO - Epoch 450/500 - Loss: 2.197233, Time: 4.178s
2025-02-07 14:13:10,506 - pinn_density_analysis - INFO - Epoch 460/500 - Loss: 2.151944, Time: 4.352s
2025-02-07 14:13:53,017 - pinn_density_analysis - INFO - Epoch 470/500 - Loss: 2.108078, Time: 4.177s
2025-02-07 14:14:35,058 - pinn_density_analysis - INFO - Epoch 480/500 - Loss: 2.065569, Time: 4.230s
2025-02-07 14:15:17,247 - pinn_density_analysis - INFO - Epoch 490/500 - Loss: 2.024355, Time: 4.164s
2025-02-07 14:15:59,052 - pinn_density_analysis - INFO - Epoch 500/500 - Loss: 1.984376, Time: 4.142s
2025-02-07 14:15:59,057 - pinn_density_analysis - INFO - Generating dense predictions...
2025-02-07 14:16:06,531 - pinn_density_analysis - INFO - Creating visualizations...
2025-02-07 14:16:07,549 - pinn_density_analysis - INFO - 
Performance Comparison:
2025-02-07 14:16:07,550 - pinn_density_analysis - INFO - CFD Data Points: 11005
2025-02-07 14:16:07,550 - pinn_density_analysis - INFO - PINN Prediction Points: 1105920
2025-02-07 14:16:07,550 - pinn_density_analysis - INFO - Density Increase: 100.5x
2025-02-07 14:16:07,550 - pinn_density_analysis - INFO - 
Computational Performance:
2025-02-07 14:16:07,551 - pinn_density_analysis - INFO - Training Time: 0.61 hours
2025-02-07 14:16:07,551 - pinn_density_analysis - INFO - Inference Time: 7.45 seconds
2025-02-07 14:16:07,551 - pinn_density_analysis - INFO - Points per Second: 148349
2025-02-07 14:16:07,552 - pinn_density_analysis - INFO - Memory Usage - Training: 7.51 GB
2025-02-07 14:16:07,552 - pinn_density_analysis - INFO - Memory Usage - Inference: 0.02 GB
2025-02-07 14:16:07,552 - pinn_density_analysis - INFO - Analysis complete!
