2024-12-29 04:39:39,925 - experiment_logger_0025_systolic_aneurysm - INFO - Experiment run initialized with Run ID: 0025_systolic_aneurysm
2024-12-29 04:39:39,925 - experiment_logger_0025_systolic_aneurysm - INFO - Using device: cuda:0
2024-12-29 04:39:39,926 - experiment_logger_0025_systolic_aneurysm - INFO - Random seed set to 142
2024-12-29 04:39:39,926 - experiment_logger_0025_systolic_aneurysm - INFO - Fitting scalers on the data.
2024-12-29 04:39:39,927 - experiment_logger_0025_systolic_aneurysm - INFO - Fitted scaler for 'features'.
2024-12-29 04:39:39,929 - experiment_logger_0025_systolic_aneurysm - INFO - Fitted scaler for 'time'.
2024-12-29 04:39:39,940 - experiment_logger_0025_systolic_aneurysm - INFO - Fitted scaler for 'pressure'.
2024-12-29 04:39:39,941 - experiment_logger_0025_systolic_aneurysm - INFO - Fitted scaler for 'velocity_u'.
2024-12-29 04:39:39,942 - experiment_logger_0025_systolic_aneurysm - INFO - Fitted scaler for 'velocity_v'.
2024-12-29 04:39:39,944 - experiment_logger_0025_systolic_aneurysm - INFO - Fitted scaler for 'velocity_w'.
2024-12-29 04:39:39,945 - experiment_logger_0025_systolic_aneurysm - INFO - Fitted scaler for 'wall_shear_x'.
2024-12-29 04:39:39,946 - experiment_logger_0025_systolic_aneurysm - INFO - Fitted scaler for 'wall_shear_y'.
2024-12-29 04:39:39,947 - experiment_logger_0025_systolic_aneurysm - INFO - Fitted scaler for 'wall_shear_z'.
2024-12-29 04:39:39,956 - experiment_logger_0025_systolic_aneurysm - INFO - Dataset and DataLoader created with 12395 samples.
2024-12-29 04:39:40,005 - experiment_logger_0025_systolic_aneurysm - INFO - Initialized 7 separate PINN models for p, u, v, w, tau_x, tau_y, tau_z.
2024-12-29 04:39:40,006 - experiment_logger_0025_systolic_aneurysm - INFO - Optimizer and scheduler initialized for all separate PINNs.
2024-12-29 04:39:40,007 - experiment_logger_0025_systolic_aneurysm - INFO - Starting training loop for multi-model PINNs.
2024-12-29 04:39:44,598 - experiment_logger_0025_systolic_aneurysm - INFO - Initial loss set to 383.043420.
2024-12-29 04:39:44,639 - experiment_logger_0025_systolic_aneurysm - INFO - Saved best model checkpoint to '../../models\0025_systolic_aneurysm\best_model_0025_systolic_aneurysm.pt'.
2024-12-29 04:39:44,640 - experiment_logger_0025_systolic_aneurysm - INFO - Epoch 1/500 - Total: 383.043420, Physics: 371.865500, Boundary: 2.137968, Data: 6.882824, Inlet: 2.157134
2024-12-29 04:39:44,640 - experiment_logger_0025_systolic_aneurysm - INFO - Lambda Physics: 1.0000 Lambda Boundary: 1.0000 Lambda Data: 1.0000 Lambda Inlet: 1.0000
2024-12-29 04:39:49,038 - experiment_logger_0025_systolic_aneurysm - INFO - Loss improved to 288.632805. Resetting early stopping counter.
2024-12-29 04:39:49,129 - experiment_logger_0025_systolic_aneurysm - INFO - Saved best model checkpoint to '../../models\0025_systolic_aneurysm\best_model_0025_systolic_aneurysm.pt'.
2024-12-29 04:39:53,524 - experiment_logger_0025_systolic_aneurysm - INFO - Loss improved to 25.351720. Resetting early stopping counter.
2024-12-29 04:39:53,617 - experiment_logger_0025_systolic_aneurysm - INFO - Saved best model checkpoint to '../../models\0025_systolic_aneurysm\best_model_0025_systolic_aneurysm.pt'.
2024-12-29 04:39:58,064 - experiment_logger_0025_systolic_aneurysm - INFO - Loss improved to 14.133268. Resetting early stopping counter.
2024-12-29 04:39:58,157 - experiment_logger_0025_systolic_aneurysm - INFO - Saved best model checkpoint to '../../models\0025_systolic_aneurysm\best_model_0025_systolic_aneurysm.pt'.
2024-12-29 04:40:02,595 - experiment_logger_0025_systolic_aneurysm - INFO - Loss improved to 8.121663. Resetting early stopping counter.
2024-12-29 04:40:02,686 - experiment_logger_0025_systolic_aneurysm - INFO - Saved best model checkpoint to '../../models\0025_systolic_aneurysm\best_model_0025_systolic_aneurysm.pt'.
2024-12-29 04:40:07,102 - experiment_logger_0025_systolic_aneurysm - INFO - Loss improved to 4.889297. Resetting early stopping counter.
2024-12-29 04:40:07,192 - experiment_logger_0025_systolic_aneurysm - INFO - Saved best model checkpoint to '../../models\0025_systolic_aneurysm\best_model_0025_systolic_aneurysm.pt'.
2024-12-29 04:40:11,505 - experiment_logger_0025_systolic_aneurysm - INFO - Loss improved to 3.040305. Resetting early stopping counter.
2024-12-29 04:40:11,610 - experiment_logger_0025_systolic_aneurysm - INFO - Saved best model checkpoint to '../../models\0025_systolic_aneurysm\best_model_0025_systolic_aneurysm.pt'.
2024-12-29 04:40:15,999 - experiment_logger_0025_systolic_aneurysm - INFO - Loss improved to 2.163697. Resetting early stopping counter.
2024-12-29 04:40:16,089 - experiment_logger_0025_systolic_aneurysm - INFO - Saved best model checkpoint to '../../models\0025_systolic_aneurysm\best_model_0025_systolic_aneurysm.pt'.
2024-12-29 04:40:20,515 - experiment_logger_0025_systolic_aneurysm - INFO - Loss improved to 1.585362. Resetting early stopping counter.
2024-12-29 04:40:20,608 - experiment_logger_0025_systolic_aneurysm - INFO - Saved best model checkpoint to '../../models\0025_systolic_aneurysm\best_model_0025_systolic_aneurysm.pt'.
2024-12-29 04:40:25,023 - experiment_logger_0025_systolic_aneurysm - INFO - Loss improved to 1.159919. Resetting early stopping counter.
2024-12-29 04:40:25,114 - experiment_logger_0025_systolic_aneurysm - INFO - Saved best model checkpoint to '../../models\0025_systolic_aneurysm\best_model_0025_systolic_aneurysm.pt'.
2024-12-29 04:40:29,508 - experiment_logger_0025_systolic_aneurysm - INFO - Loss improved to 0.902032. Resetting early stopping counter.
2024-12-29 04:40:29,602 - experiment_logger_0025_systolic_aneurysm - INFO - Saved best model checkpoint to '../../models\0025_systolic_aneurysm\best_model_0025_systolic_aneurysm.pt'.
2024-12-29 04:40:34,024 - experiment_logger_0025_systolic_aneurysm - INFO - Loss improved to 0.686143. Resetting early stopping counter.
2024-12-29 04:40:34,111 - experiment_logger_0025_systolic_aneurysm - INFO - Saved best model checkpoint to '../../models\0025_systolic_aneurysm\best_model_0025_systolic_aneurysm.pt'.
2024-12-29 04:40:38,536 - experiment_logger_0025_systolic_aneurysm - INFO - Loss improved to 0.575245. Resetting early stopping counter.
2024-12-29 04:40:38,628 - experiment_logger_0025_systolic_aneurysm - INFO - Saved best model checkpoint to '../../models\0025_systolic_aneurysm\best_model_0025_systolic_aneurysm.pt'.
2024-12-29 04:40:43,198 - experiment_logger_0025_systolic_aneurysm - INFO - Loss improved to 0.457392. Resetting early stopping counter.
2024-12-29 04:40:43,296 - experiment_logger_0025_systolic_aneurysm - INFO - Saved best model checkpoint to '../../models\0025_systolic_aneurysm\best_model_0025_systolic_aneurysm.pt'.
2024-12-29 04:40:47,687 - experiment_logger_0025_systolic_aneurysm - INFO - Loss improved to 0.374069. Resetting early stopping counter.
2024-12-29 04:40:47,781 - experiment_logger_0025_systolic_aneurysm - INFO - Saved best model checkpoint to '../../models\0025_systolic_aneurysm\best_model_0025_systolic_aneurysm.pt'.
2024-12-29 04:40:52,070 - experiment_logger_0025_systolic_aneurysm - INFO - Loss improved to 0.309471. Resetting early stopping counter.
2024-12-29 04:40:52,162 - experiment_logger_0025_systolic_aneurysm - INFO - Saved best model checkpoint to '../../models\0025_systolic_aneurysm\best_model_0025_systolic_aneurysm.pt'.
2024-12-29 04:40:56,532 - experiment_logger_0025_systolic_aneurysm - INFO - Loss improved to 0.282888. Resetting early stopping counter.
2024-12-29 04:40:56,622 - experiment_logger_0025_systolic_aneurysm - INFO - Saved best model checkpoint to '../../models\0025_systolic_aneurysm\best_model_0025_systolic_aneurysm.pt'.
2024-12-29 04:41:01,069 - experiment_logger_0025_systolic_aneurysm - INFO - Loss improved to 0.260424. Resetting early stopping counter.
2024-12-29 04:41:01,161 - experiment_logger_0025_systolic_aneurysm - INFO - Saved best model checkpoint to '../../models\0025_systolic_aneurysm\best_model_0025_systolic_aneurysm.pt'.
2024-12-29 04:41:05,546 - experiment_logger_0025_systolic_aneurysm - INFO - Loss improved to 0.215821. Resetting early stopping counter.
2024-12-29 04:41:05,636 - experiment_logger_0025_systolic_aneurysm - INFO - Saved best model checkpoint to '../../models\0025_systolic_aneurysm\best_model_0025_systolic_aneurysm.pt'.
2024-12-29 04:41:09,963 - experiment_logger_0025_systolic_aneurysm - INFO - Loss improved to 0.181543. Resetting early stopping counter.
2024-12-29 04:41:10,052 - experiment_logger_0025_systolic_aneurysm - INFO - Saved best model checkpoint to '../../models\0025_systolic_aneurysm\best_model_0025_systolic_aneurysm.pt'.
2024-12-29 04:41:14,445 - experiment_logger_0025_systolic_aneurysm - INFO - Loss improved to 0.169253. Resetting early stopping counter.
2024-12-29 04:41:14,535 - experiment_logger_0025_systolic_aneurysm - INFO - Saved best model checkpoint to '../../models\0025_systolic_aneurysm\best_model_0025_systolic_aneurysm.pt'.
2024-12-29 04:41:18,881 - experiment_logger_0025_systolic_aneurysm - INFO - Loss improved to 0.162799. Resetting early stopping counter.
2024-12-29 04:41:18,972 - experiment_logger_0025_systolic_aneurysm - INFO - Saved best model checkpoint to '../../models\0025_systolic_aneurysm\best_model_0025_systolic_aneurysm.pt'.
2024-12-29 04:41:23,380 - experiment_logger_0025_systolic_aneurysm - INFO - Loss improved to 0.159255. Resetting early stopping counter.
2024-12-29 04:41:23,470 - experiment_logger_0025_systolic_aneurysm - INFO - Saved best model checkpoint to '../../models\0025_systolic_aneurysm\best_model_0025_systolic_aneurysm.pt'.
2024-12-29 04:41:27,758 - experiment_logger_0025_systolic_aneurysm - INFO - Loss improved to 0.144608. Resetting early stopping counter.
2024-12-29 04:41:27,849 - experiment_logger_0025_systolic_aneurysm - INFO - Saved best model checkpoint to '../../models\0025_systolic_aneurysm\best_model_0025_systolic_aneurysm.pt'.
2024-12-29 04:41:32,214 - experiment_logger_0025_systolic_aneurysm - INFO - Loss improved to 0.133747. Resetting early stopping counter.
2024-12-29 04:41:32,304 - experiment_logger_0025_systolic_aneurysm - INFO - Saved best model checkpoint to '../../models\0025_systolic_aneurysm\best_model_0025_systolic_aneurysm.pt'.
2024-12-29 04:41:36,677 - experiment_logger_0025_systolic_aneurysm - INFO - Loss improved to 0.131331. Resetting early stopping counter.
2024-12-29 04:41:36,769 - experiment_logger_0025_systolic_aneurysm - INFO - Saved best model checkpoint to '../../models\0025_systolic_aneurysm\best_model_0025_systolic_aneurysm.pt'.
2024-12-29 04:41:41,098 - experiment_logger_0025_systolic_aneurysm - INFO - Loss improved to 0.124959. Resetting early stopping counter.
2024-12-29 04:41:41,188 - experiment_logger_0025_systolic_aneurysm - INFO - Saved best model checkpoint to '../../models\0025_systolic_aneurysm\best_model_0025_systolic_aneurysm.pt'.
2024-12-29 04:41:45,594 - experiment_logger_0025_systolic_aneurysm - INFO - Loss improved to 0.117376. Resetting early stopping counter.
2024-12-29 04:41:45,686 - experiment_logger_0025_systolic_aneurysm - INFO - Saved best model checkpoint to '../../models\0025_systolic_aneurysm\best_model_0025_systolic_aneurysm.pt'.
2024-12-29 04:41:50,023 - experiment_logger_0025_systolic_aneurysm - INFO - Loss improved to 0.113792. Resetting early stopping counter.
2024-12-29 04:41:50,114 - experiment_logger_0025_systolic_aneurysm - INFO - Saved best model checkpoint to '../../models\0025_systolic_aneurysm\best_model_0025_systolic_aneurysm.pt'.
2024-12-29 04:41:54,568 - experiment_logger_0025_systolic_aneurysm - INFO - No improvement in loss. Early stopping counter: 1/5.
2024-12-29 04:41:58,943 - experiment_logger_0025_systolic_aneurysm - INFO - Loss improved to 0.112120. Resetting early stopping counter.
2024-12-29 04:41:59,051 - experiment_logger_0025_systolic_aneurysm - INFO - Saved best model checkpoint to '../../models\0025_systolic_aneurysm\best_model_0025_systolic_aneurysm.pt'.
2024-12-29 04:42:03,347 - experiment_logger_0025_systolic_aneurysm - INFO - Loss improved to 0.105335. Resetting early stopping counter.
2024-12-29 04:42:03,435 - experiment_logger_0025_systolic_aneurysm - INFO - Saved best model checkpoint to '../../models\0025_systolic_aneurysm\best_model_0025_systolic_aneurysm.pt'.
2024-12-29 04:42:07,772 - experiment_logger_0025_systolic_aneurysm - INFO - Loss improved to 0.100220. Resetting early stopping counter.
2024-12-29 04:42:07,866 - experiment_logger_0025_systolic_aneurysm - INFO - Saved best model checkpoint to '../../models\0025_systolic_aneurysm\best_model_0025_systolic_aneurysm.pt'.
2024-12-29 04:42:12,226 - experiment_logger_0025_systolic_aneurysm - INFO - No improvement in loss. Early stopping counter: 1/5.
2024-12-29 04:42:16,532 - experiment_logger_0025_systolic_aneurysm - INFO - Loss improved to 0.095024. Resetting early stopping counter.
2024-12-29 04:42:16,621 - experiment_logger_0025_systolic_aneurysm - INFO - Saved best model checkpoint to '../../models\0025_systolic_aneurysm\best_model_0025_systolic_aneurysm.pt'.
2024-12-29 04:42:20,982 - experiment_logger_0025_systolic_aneurysm - INFO - No improvement in loss. Early stopping counter: 1/5.
2024-12-29 04:42:25,326 - experiment_logger_0025_systolic_aneurysm - INFO - Loss improved to 0.093486. Resetting early stopping counter.
2024-12-29 04:42:25,469 - experiment_logger_0025_systolic_aneurysm - INFO - Saved best model checkpoint to '../../models\0025_systolic_aneurysm\best_model_0025_systolic_aneurysm.pt'.
2024-12-29 04:42:29,821 - experiment_logger_0025_systolic_aneurysm - INFO - No improvement in loss. Early stopping counter: 1/5.
2024-12-29 04:42:34,199 - experiment_logger_0025_systolic_aneurysm - INFO - Loss improved to 0.089528. Resetting early stopping counter.
2024-12-29 04:42:34,290 - experiment_logger_0025_systolic_aneurysm - INFO - Saved best model checkpoint to '../../models\0025_systolic_aneurysm\best_model_0025_systolic_aneurysm.pt'.
2024-12-29 04:42:38,662 - experiment_logger_0025_systolic_aneurysm - INFO - No improvement in loss. Early stopping counter: 1/5.
2024-12-29 04:42:43,128 - experiment_logger_0025_systolic_aneurysm - INFO - Loss improved to 0.083539. Resetting early stopping counter.
2024-12-29 04:42:43,218 - experiment_logger_0025_systolic_aneurysm - INFO - Saved best model checkpoint to '../../models\0025_systolic_aneurysm\best_model_0025_systolic_aneurysm.pt'.
2024-12-29 04:42:47,581 - experiment_logger_0025_systolic_aneurysm - INFO - Loss improved to 0.082658. Resetting early stopping counter.
2024-12-29 04:42:47,671 - experiment_logger_0025_systolic_aneurysm - INFO - Saved best model checkpoint to '../../models\0025_systolic_aneurysm\best_model_0025_systolic_aneurysm.pt'.
2024-12-29 04:42:51,991 - experiment_logger_0025_systolic_aneurysm - INFO - No improvement in loss. Early stopping counter: 1/5.
2024-12-29 04:42:56,366 - experiment_logger_0025_systolic_aneurysm - INFO - No improvement in loss. Early stopping counter: 2/5.
2024-12-29 04:43:00,736 - experiment_logger_0025_systolic_aneurysm - INFO - Loss improved to 0.082551. Resetting early stopping counter.
2024-12-29 04:43:00,825 - experiment_logger_0025_systolic_aneurysm - INFO - Saved best model checkpoint to '../../models\0025_systolic_aneurysm\best_model_0025_systolic_aneurysm.pt'.
2024-12-29 04:43:05,171 - experiment_logger_0025_systolic_aneurysm - INFO - Loss improved to 0.079986. Resetting early stopping counter.
2024-12-29 04:43:05,262 - experiment_logger_0025_systolic_aneurysm - INFO - Saved best model checkpoint to '../../models\0025_systolic_aneurysm\best_model_0025_systolic_aneurysm.pt'.
2024-12-29 04:43:09,603 - experiment_logger_0025_systolic_aneurysm - INFO - Loss improved to 0.079549. Resetting early stopping counter.
2024-12-29 04:43:09,693 - experiment_logger_0025_systolic_aneurysm - INFO - Saved best model checkpoint to '../../models\0025_systolic_aneurysm\best_model_0025_systolic_aneurysm.pt'.
2024-12-29 04:43:14,039 - experiment_logger_0025_systolic_aneurysm - INFO - Loss improved to 0.078611. Resetting early stopping counter.
2024-12-29 04:43:14,133 - experiment_logger_0025_systolic_aneurysm - INFO - Saved best model checkpoint to '../../models\0025_systolic_aneurysm\best_model_0025_systolic_aneurysm.pt'.
2024-12-29 04:43:18,476 - experiment_logger_0025_systolic_aneurysm - INFO - Loss improved to 0.077303. Resetting early stopping counter.
2024-12-29 04:43:18,565 - experiment_logger_0025_systolic_aneurysm - INFO - Saved best model checkpoint to '../../models\0025_systolic_aneurysm\best_model_0025_systolic_aneurysm.pt'.
2024-12-29 04:43:22,907 - experiment_logger_0025_systolic_aneurysm - INFO - Loss improved to 0.076479. Resetting early stopping counter.
2024-12-29 04:43:22,997 - experiment_logger_0025_systolic_aneurysm - INFO - Saved best model checkpoint to '../../models\0025_systolic_aneurysm\best_model_0025_systolic_aneurysm.pt'.
2024-12-29 04:43:22,998 - experiment_logger_0025_systolic_aneurysm - INFO - Epoch 50/500 - Total: 0.076479, Physics: 0.009752, Boundary: 0.011354, Data: 0.018579, Inlet: 0.041906
2024-12-29 04:43:22,999 - experiment_logger_0025_systolic_aneurysm - INFO - Lambda Physics: 0.9579 Lambda Boundary: 0.9418 Lambda Data: 0.9523 Lambda Inlet: 0.9237
2024-12-29 04:43:27,288 - experiment_logger_0025_systolic_aneurysm - INFO - No improvement in loss. Early stopping counter: 1/5.
2024-12-29 04:43:31,632 - experiment_logger_0025_systolic_aneurysm - INFO - Loss improved to 0.076236. Resetting early stopping counter.
2024-12-29 04:43:31,730 - experiment_logger_0025_systolic_aneurysm - INFO - Saved best model checkpoint to '../../models\0025_systolic_aneurysm\best_model_0025_systolic_aneurysm.pt'.
2024-12-29 04:43:36,088 - experiment_logger_0025_systolic_aneurysm - INFO - Loss improved to 0.074653. Resetting early stopping counter.
2024-12-29 04:43:36,186 - experiment_logger_0025_systolic_aneurysm - INFO - Saved best model checkpoint to '../../models\0025_systolic_aneurysm\best_model_0025_systolic_aneurysm.pt'.
2024-12-29 04:43:40,581 - experiment_logger_0025_systolic_aneurysm - INFO - No improvement in loss. Early stopping counter: 1/5.
2024-12-29 04:43:44,933 - experiment_logger_0025_systolic_aneurysm - INFO - No improvement in loss. Early stopping counter: 2/5.
2024-12-29 04:43:49,313 - experiment_logger_0025_systolic_aneurysm - INFO - Loss improved to 0.072361. Resetting early stopping counter.
2024-12-29 04:43:49,405 - experiment_logger_0025_systolic_aneurysm - INFO - Saved best model checkpoint to '../../models\0025_systolic_aneurysm\best_model_0025_systolic_aneurysm.pt'.
2024-12-29 04:43:53,806 - experiment_logger_0025_systolic_aneurysm - INFO - No improvement in loss. Early stopping counter: 1/5.
2024-12-29 04:43:58,100 - experiment_logger_0025_systolic_aneurysm - INFO - No improvement in loss. Early stopping counter: 2/5.
2024-12-29 04:44:02,469 - experiment_logger_0025_systolic_aneurysm - INFO - Loss improved to 0.072136. Resetting early stopping counter.
2024-12-29 04:44:02,560 - experiment_logger_0025_systolic_aneurysm - INFO - Saved best model checkpoint to '../../models\0025_systolic_aneurysm\best_model_0025_systolic_aneurysm.pt'.
2024-12-29 04:44:06,880 - experiment_logger_0025_systolic_aneurysm - INFO - Loss improved to 0.070184. Resetting early stopping counter.
2024-12-29 04:44:06,970 - experiment_logger_0025_systolic_aneurysm - INFO - Saved best model checkpoint to '../../models\0025_systolic_aneurysm\best_model_0025_systolic_aneurysm.pt'.
2024-12-29 04:44:11,314 - experiment_logger_0025_systolic_aneurysm - INFO - No improvement in loss. Early stopping counter: 1/5.
2024-12-29 04:44:15,699 - experiment_logger_0025_systolic_aneurysm - INFO - No improvement in loss. Early stopping counter: 2/5.
2024-12-29 04:44:20,019 - experiment_logger_0025_systolic_aneurysm - INFO - Loss improved to 0.069926. Resetting early stopping counter.
2024-12-29 04:44:20,111 - experiment_logger_0025_systolic_aneurysm - INFO - Saved best model checkpoint to '../../models\0025_systolic_aneurysm\best_model_0025_systolic_aneurysm.pt'.
2024-12-29 04:44:24,476 - experiment_logger_0025_systolic_aneurysm - INFO - No improvement in loss. Early stopping counter: 1/5.
2024-12-29 04:44:28,792 - experiment_logger_0025_systolic_aneurysm - INFO - Loss improved to 0.067958. Resetting early stopping counter.
2024-12-29 04:44:28,937 - experiment_logger_0025_systolic_aneurysm - INFO - Saved best model checkpoint to '../../models\0025_systolic_aneurysm\best_model_0025_systolic_aneurysm.pt'.
2024-12-29 04:44:33,245 - experiment_logger_0025_systolic_aneurysm - INFO - Loss improved to 0.067909. Resetting early stopping counter.
2024-12-29 04:44:33,332 - experiment_logger_0025_systolic_aneurysm - INFO - Saved best model checkpoint to '../../models\0025_systolic_aneurysm\best_model_0025_systolic_aneurysm.pt'.
2024-12-29 04:44:37,711 - experiment_logger_0025_systolic_aneurysm - INFO - No improvement in loss. Early stopping counter: 1/5.
2024-12-29 04:44:42,041 - experiment_logger_0025_systolic_aneurysm - INFO - Loss improved to 0.067706. Resetting early stopping counter.
2024-12-29 04:44:42,132 - experiment_logger_0025_systolic_aneurysm - INFO - Saved best model checkpoint to '../../models\0025_systolic_aneurysm\best_model_0025_systolic_aneurysm.pt'.
2024-12-29 04:44:46,538 - experiment_logger_0025_systolic_aneurysm - INFO - No improvement in loss. Early stopping counter: 1/5.
2024-12-29 04:44:50,858 - experiment_logger_0025_systolic_aneurysm - INFO - No improvement in loss. Early stopping counter: 2/5.
2024-12-29 04:44:55,162 - experiment_logger_0025_systolic_aneurysm - INFO - No improvement in loss. Early stopping counter: 3/5.
2024-12-29 04:44:59,496 - experiment_logger_0025_systolic_aneurysm - INFO - Loss improved to 0.066332. Resetting early stopping counter.
2024-12-29 04:44:59,585 - experiment_logger_0025_systolic_aneurysm - INFO - Saved best model checkpoint to '../../models\0025_systolic_aneurysm\best_model_0025_systolic_aneurysm.pt'.
2024-12-29 04:45:03,944 - experiment_logger_0025_systolic_aneurysm - INFO - No improvement in loss. Early stopping counter: 1/5.
2024-12-29 04:45:08,241 - experiment_logger_0025_systolic_aneurysm - INFO - No improvement in loss. Early stopping counter: 2/5.
2024-12-29 04:45:12,564 - experiment_logger_0025_systolic_aneurysm - INFO - No improvement in loss. Early stopping counter: 3/5.
2024-12-29 04:45:16,894 - experiment_logger_0025_systolic_aneurysm - INFO - Loss improved to 0.065978. Resetting early stopping counter.
2024-12-29 04:45:16,986 - experiment_logger_0025_systolic_aneurysm - INFO - Saved best model checkpoint to '../../models\0025_systolic_aneurysm\best_model_0025_systolic_aneurysm.pt'.
2024-12-29 04:45:21,323 - experiment_logger_0025_systolic_aneurysm - INFO - Loss improved to 0.065882. Resetting early stopping counter.
2024-12-29 04:45:21,414 - experiment_logger_0025_systolic_aneurysm - INFO - Saved best model checkpoint to '../../models\0025_systolic_aneurysm\best_model_0025_systolic_aneurysm.pt'.
2024-12-29 04:45:25,823 - experiment_logger_0025_systolic_aneurysm - INFO - Loss improved to 0.065086. Resetting early stopping counter.
2024-12-29 04:45:25,915 - experiment_logger_0025_systolic_aneurysm - INFO - Saved best model checkpoint to '../../models\0025_systolic_aneurysm\best_model_0025_systolic_aneurysm.pt'.
2024-12-29 04:45:30,296 - experiment_logger_0025_systolic_aneurysm - INFO - Loss improved to 0.062952. Resetting early stopping counter.
2024-12-29 04:45:30,390 - experiment_logger_0025_systolic_aneurysm - INFO - Saved best model checkpoint to '../../models\0025_systolic_aneurysm\best_model_0025_systolic_aneurysm.pt'.
2024-12-29 04:45:34,768 - experiment_logger_0025_systolic_aneurysm - INFO - No improvement in loss. Early stopping counter: 1/5.
2024-12-29 04:45:39,093 - experiment_logger_0025_systolic_aneurysm - INFO - No improvement in loss. Early stopping counter: 2/5.
2024-12-29 04:45:43,549 - experiment_logger_0025_systolic_aneurysm - INFO - No improvement in loss. Early stopping counter: 3/5.
2024-12-29 04:45:47,859 - experiment_logger_0025_systolic_aneurysm - INFO - No improvement in loss. Early stopping counter: 4/5.
2024-12-29 04:45:52,219 - experiment_logger_0025_systolic_aneurysm - INFO - No improvement in loss. Early stopping counter: 5/5.
2024-12-29 04:45:52,220 - experiment_logger_0025_systolic_aneurysm - INFO - Early stopping triggered.
2024-12-29 04:45:52,220 - experiment_logger_0025_systolic_aneurysm - INFO - Early stopping at epoch 84
2024-12-29 04:45:52,221 - experiment_logger_0025_systolic_aneurysm - INFO - Training completed.
2024-12-29 04:45:52,629 - experiment_logger_0025_systolic_aneurysm - INFO - Saved metrics summary to '../../reports/metrics\0025_systolic_aneurysm\metrics_summary_0025_systolic_aneurysm.csv'.
2024-12-29 04:45:54,667 - experiment_logger_0025_systolic_aneurysm - INFO - Saved Pressure distribution plots to '../../figures\0025_systolic_aneurysm\pressure_distribution_0025_systolic_aneurysm.png'.
2024-12-29 04:45:56,636 - experiment_logger_0025_systolic_aneurysm - INFO - Saved WSS Magnitude distribution plots to '../../figures\0025_systolic_aneurysm\wss_magnitude_distribution_0025_systolic_aneurysm.png'.
2024-12-29 04:45:56,640 - experiment_logger_0025_systolic_aneurysm - WARNING - No data found for y=0.5, z=0.5 with tol=0.001. Increasing tolerance.
2024-12-29 04:45:56,641 - experiment_logger_0025_systolic_aneurysm - WARNING - No data found for y=0.5, z=0.5 with tol=0.002. Increasing tolerance.
2024-12-29 04:45:56,643 - experiment_logger_0025_systolic_aneurysm - WARNING - No data found for y=0.5, z=0.5 with tol=0.003. Increasing tolerance.
2024-12-29 04:45:56,645 - experiment_logger_0025_systolic_aneurysm - WARNING - No data found for y=0.5, z=0.5 with tol=0.004. Increasing tolerance.
2024-12-29 04:45:56,646 - experiment_logger_0025_systolic_aneurysm - WARNING - No data found for y=0.5, z=0.5 with tol=0.005. Increasing tolerance.
2024-12-29 04:45:56,649 - experiment_logger_0025_systolic_aneurysm - WARNING - No data found for y=0.5, z=0.5 with tol=0.006. Increasing tolerance.
2024-12-29 04:45:56,651 - experiment_logger_0025_systolic_aneurysm - WARNING - No data found for y=0.5, z=0.5 with tol=0.007. Increasing tolerance.
2024-12-29 04:45:56,653 - experiment_logger_0025_systolic_aneurysm - WARNING - No data found for y=0.5, z=0.5 with tol=0.008. Increasing tolerance.
2024-12-29 04:45:56,655 - experiment_logger_0025_systolic_aneurysm - INFO - Selected y=0.5 and z=0.5 with tolerance=0.009000000000000001.
2024-12-29 04:45:57,481 - experiment_logger_0025_systolic_aneurysm - INFO - Saved WSS line profiles to '../../figures\0025_systolic_aneurysm\wss_line_profiles_0025_systolic_aneurysm.png'.
2024-12-29 04:45:58,134 - experiment_logger_0025_systolic_aneurysm - INFO - Saved WSS Magnitude histogram plot to '../../figures\0025_systolic_aneurysm\wss_magnitude_histogram_0025_systolic_aneurysm.png'.
2024-12-29 04:45:58,812 - experiment_logger_0025_systolic_aneurysm - INFO - Saved loss curves plot to '../../figures\0025_systolic_aneurysm\0025_systolic_aneurysm\loss_curves_0025_systolic_aneurysm.png'.
2024-12-29 04:45:58,930 - experiment_logger_0025_systolic_aneurysm - INFO - Saved final model checkpoint to '../../models\0025_systolic_aneurysm\final_model_0025_systolic_aneurysm.pt'.
2024-12-29 04:45:58,930 - experiment_logger_0025_systolic_aneurysm - INFO - Completed experiment for dataset '0025_systolic_aneurysm'.
2024-12-29 10:31:23,256 - experiment_logger_0025_systolic_aneurysm - INFO - Experiment run initialized with Run ID: 0025_systolic_aneurysm
2024-12-29 10:31:23,257 - experiment_logger_0025_systolic_aneurysm - INFO - Using device: cuda:0
2024-12-29 10:31:23,257 - experiment_logger_0025_systolic_aneurysm - INFO - Random seed set to 142
2024-12-29 10:31:23,257 - experiment_logger_0025_systolic_aneurysm - INFO - Fitting scalers on the data.
2024-12-29 10:31:23,260 - experiment_logger_0025_systolic_aneurysm - INFO - Fitted scaler for 'features'.
2024-12-29 10:31:23,261 - experiment_logger_0025_systolic_aneurysm - INFO - Fitted scaler for 'time'.
2024-12-29 10:31:23,262 - experiment_logger_0025_systolic_aneurysm - INFO - Fitted scaler for 'pressure'.
2024-12-29 10:31:23,264 - experiment_logger_0025_systolic_aneurysm - INFO - Fitted scaler for 'velocity_u'.
2024-12-29 10:31:23,265 - experiment_logger_0025_systolic_aneurysm - INFO - Fitted scaler for 'velocity_v'.
2024-12-29 10:31:23,267 - experiment_logger_0025_systolic_aneurysm - INFO - Fitted scaler for 'velocity_w'.
2024-12-29 10:31:23,268 - experiment_logger_0025_systolic_aneurysm - INFO - Fitted scaler for 'wall_shear_x'.
2024-12-29 10:31:23,270 - experiment_logger_0025_systolic_aneurysm - INFO - Fitted scaler for 'wall_shear_y'.
2024-12-29 10:31:23,271 - experiment_logger_0025_systolic_aneurysm - INFO - Fitted scaler for 'wall_shear_z'.
2024-12-29 10:31:23,280 - experiment_logger_0025_systolic_aneurysm - INFO - Dataset and DataLoader created with 12395 samples.
2024-12-29 10:31:23,326 - experiment_logger_0025_systolic_aneurysm - INFO - Initialized 7 separate PINN models for p, u, v, w, tau_x, tau_y, tau_z.
2024-12-29 10:31:23,327 - experiment_logger_0025_systolic_aneurysm - INFO - Optimizer and scheduler initialized for all separate PINNs.
2024-12-29 10:31:23,328 - experiment_logger_0025_systolic_aneurysm - INFO - Starting training loop for multi-model PINNs.
2024-12-29 10:31:27,684 - experiment_logger_0025_systolic_aneurysm - INFO - Initial loss set to 383.043420.
2024-12-29 10:31:27,725 - experiment_logger_0025_systolic_aneurysm - INFO - Saved best model checkpoint to '../../models\0025_systolic_aneurysm\best_model_0025_systolic_aneurysm.pt'.
2024-12-29 10:31:27,726 - experiment_logger_0025_systolic_aneurysm - INFO - Epoch 1/500 - Total: 383.043420, Physics: 371.865500, Boundary: 2.137968, Data: 6.882824, Inlet: 2.157134
2024-12-29 10:31:27,727 - experiment_logger_0025_systolic_aneurysm - INFO - Lambda Physics: 1.0000 Lambda Boundary: 1.0000 Lambda Data: 1.0000 Lambda Inlet: 1.0000
2024-12-29 10:31:31,889 - experiment_logger_0025_systolic_aneurysm - INFO - Loss improved to 288.632805. Resetting early stopping counter.
2024-12-29 10:31:31,979 - experiment_logger_0025_systolic_aneurysm - INFO - Saved best model checkpoint to '../../models\0025_systolic_aneurysm\best_model_0025_systolic_aneurysm.pt'.
2024-12-29 10:31:36,201 - experiment_logger_0025_systolic_aneurysm - INFO - Loss improved to 25.351720. Resetting early stopping counter.
2024-12-29 10:31:36,345 - experiment_logger_0025_systolic_aneurysm - INFO - Saved best model checkpoint to '../../models\0025_systolic_aneurysm\best_model_0025_systolic_aneurysm.pt'.
2024-12-29 10:31:40,475 - experiment_logger_0025_systolic_aneurysm - INFO - Loss improved to 14.133268. Resetting early stopping counter.
2024-12-29 10:31:40,567 - experiment_logger_0025_systolic_aneurysm - INFO - Saved best model checkpoint to '../../models\0025_systolic_aneurysm\best_model_0025_systolic_aneurysm.pt'.
2024-12-29 10:31:44,769 - experiment_logger_0025_systolic_aneurysm - INFO - Loss improved to 8.121663. Resetting early stopping counter.
2024-12-29 10:31:44,870 - experiment_logger_0025_systolic_aneurysm - INFO - Saved best model checkpoint to '../../models\0025_systolic_aneurysm\best_model_0025_systolic_aneurysm.pt'.
2024-12-29 10:31:49,020 - experiment_logger_0025_systolic_aneurysm - INFO - Loss improved to 4.889297. Resetting early stopping counter.
2024-12-29 10:31:49,111 - experiment_logger_0025_systolic_aneurysm - INFO - Saved best model checkpoint to '../../models\0025_systolic_aneurysm\best_model_0025_systolic_aneurysm.pt'.
2024-12-29 10:31:53,215 - experiment_logger_0025_systolic_aneurysm - INFO - Loss improved to 3.040305. Resetting early stopping counter.
2024-12-29 10:31:53,303 - experiment_logger_0025_systolic_aneurysm - INFO - Saved best model checkpoint to '../../models\0025_systolic_aneurysm\best_model_0025_systolic_aneurysm.pt'.
2024-12-29 10:31:57,493 - experiment_logger_0025_systolic_aneurysm - INFO - Loss improved to 2.163697. Resetting early stopping counter.
2024-12-29 10:31:57,589 - experiment_logger_0025_systolic_aneurysm - INFO - Saved best model checkpoint to '../../models\0025_systolic_aneurysm\best_model_0025_systolic_aneurysm.pt'.
2024-12-29 10:32:01,726 - experiment_logger_0025_systolic_aneurysm - INFO - Loss improved to 1.585362. Resetting early stopping counter.
2024-12-29 10:32:01,818 - experiment_logger_0025_systolic_aneurysm - INFO - Saved best model checkpoint to '../../models\0025_systolic_aneurysm\best_model_0025_systolic_aneurysm.pt'.
2024-12-29 10:32:05,985 - experiment_logger_0025_systolic_aneurysm - INFO - Loss improved to 1.159919. Resetting early stopping counter.
2024-12-29 10:32:06,076 - experiment_logger_0025_systolic_aneurysm - INFO - Saved best model checkpoint to '../../models\0025_systolic_aneurysm\best_model_0025_systolic_aneurysm.pt'.
2024-12-29 10:32:10,312 - experiment_logger_0025_systolic_aneurysm - INFO - Loss improved to 0.902032. Resetting early stopping counter.
2024-12-29 10:32:10,401 - experiment_logger_0025_systolic_aneurysm - INFO - Saved best model checkpoint to '../../models\0025_systolic_aneurysm\best_model_0025_systolic_aneurysm.pt'.
2024-12-29 10:32:14,658 - experiment_logger_0025_systolic_aneurysm - INFO - Loss improved to 0.686143. Resetting early stopping counter.
2024-12-29 10:32:14,747 - experiment_logger_0025_systolic_aneurysm - INFO - Saved best model checkpoint to '../../models\0025_systolic_aneurysm\best_model_0025_systolic_aneurysm.pt'.
2024-12-29 10:32:18,910 - experiment_logger_0025_systolic_aneurysm - INFO - Loss improved to 0.575245. Resetting early stopping counter.
2024-12-29 10:32:19,001 - experiment_logger_0025_systolic_aneurysm - INFO - Saved best model checkpoint to '../../models\0025_systolic_aneurysm\best_model_0025_systolic_aneurysm.pt'.
2024-12-29 10:32:23,249 - experiment_logger_0025_systolic_aneurysm - INFO - Loss improved to 0.457392. Resetting early stopping counter.
2024-12-29 10:32:23,340 - experiment_logger_0025_systolic_aneurysm - INFO - Saved best model checkpoint to '../../models\0025_systolic_aneurysm\best_model_0025_systolic_aneurysm.pt'.
2024-12-29 10:32:27,533 - experiment_logger_0025_systolic_aneurysm - INFO - Loss improved to 0.374069. Resetting early stopping counter.
2024-12-29 10:32:27,623 - experiment_logger_0025_systolic_aneurysm - INFO - Saved best model checkpoint to '../../models\0025_systolic_aneurysm\best_model_0025_systolic_aneurysm.pt'.
2024-12-29 10:32:31,823 - experiment_logger_0025_systolic_aneurysm - INFO - Loss improved to 0.309471. Resetting early stopping counter.
2024-12-29 10:32:31,941 - experiment_logger_0025_systolic_aneurysm - INFO - Saved best model checkpoint to '../../models\0025_systolic_aneurysm\best_model_0025_systolic_aneurysm.pt'.
2024-12-29 10:32:36,055 - experiment_logger_0025_systolic_aneurysm - INFO - Loss improved to 0.282888. Resetting early stopping counter.
2024-12-29 10:32:36,145 - experiment_logger_0025_systolic_aneurysm - INFO - Saved best model checkpoint to '../../models\0025_systolic_aneurysm\best_model_0025_systolic_aneurysm.pt'.
2024-12-29 10:32:40,370 - experiment_logger_0025_systolic_aneurysm - INFO - Loss improved to 0.260424. Resetting early stopping counter.
2024-12-29 10:32:40,462 - experiment_logger_0025_systolic_aneurysm - INFO - Saved best model checkpoint to '../../models\0025_systolic_aneurysm\best_model_0025_systolic_aneurysm.pt'.
2024-12-29 10:32:44,628 - experiment_logger_0025_systolic_aneurysm - INFO - Loss improved to 0.215821. Resetting early stopping counter.
2024-12-29 10:32:44,719 - experiment_logger_0025_systolic_aneurysm - INFO - Saved best model checkpoint to '../../models\0025_systolic_aneurysm\best_model_0025_systolic_aneurysm.pt'.
2024-12-29 10:32:48,874 - experiment_logger_0025_systolic_aneurysm - INFO - Loss improved to 0.181543. Resetting early stopping counter.
2024-12-29 10:32:48,964 - experiment_logger_0025_systolic_aneurysm - INFO - Saved best model checkpoint to '../../models\0025_systolic_aneurysm\best_model_0025_systolic_aneurysm.pt'.
2024-12-29 10:32:53,199 - experiment_logger_0025_systolic_aneurysm - INFO - Loss improved to 0.169253. Resetting early stopping counter.
2024-12-29 10:32:53,292 - experiment_logger_0025_systolic_aneurysm - INFO - Saved best model checkpoint to '../../models\0025_systolic_aneurysm\best_model_0025_systolic_aneurysm.pt'.
2024-12-29 10:32:57,460 - experiment_logger_0025_systolic_aneurysm - INFO - Loss improved to 0.162799. Resetting early stopping counter.
2024-12-29 10:32:57,556 - experiment_logger_0025_systolic_aneurysm - INFO - Saved best model checkpoint to '../../models\0025_systolic_aneurysm\best_model_0025_systolic_aneurysm.pt'.
2024-12-29 10:33:01,915 - experiment_logger_0025_systolic_aneurysm - INFO - Loss improved to 0.159255. Resetting early stopping counter.
2024-12-29 10:33:02,015 - experiment_logger_0025_systolic_aneurysm - INFO - Saved best model checkpoint to '../../models\0025_systolic_aneurysm\best_model_0025_systolic_aneurysm.pt'.
2024-12-29 10:33:06,203 - experiment_logger_0025_systolic_aneurysm - INFO - Loss improved to 0.144608. Resetting early stopping counter.
2024-12-29 10:33:06,297 - experiment_logger_0025_systolic_aneurysm - INFO - Saved best model checkpoint to '../../models\0025_systolic_aneurysm\best_model_0025_systolic_aneurysm.pt'.
2024-12-29 10:33:10,486 - experiment_logger_0025_systolic_aneurysm - INFO - Loss improved to 0.133747. Resetting early stopping counter.
2024-12-29 10:33:10,577 - experiment_logger_0025_systolic_aneurysm - INFO - Saved best model checkpoint to '../../models\0025_systolic_aneurysm\best_model_0025_systolic_aneurysm.pt'.
2024-12-29 10:33:14,740 - experiment_logger_0025_systolic_aneurysm - INFO - Loss improved to 0.131331. Resetting early stopping counter.
2024-12-29 10:33:14,832 - experiment_logger_0025_systolic_aneurysm - INFO - Saved best model checkpoint to '../../models\0025_systolic_aneurysm\best_model_0025_systolic_aneurysm.pt'.
2024-12-29 10:33:19,020 - experiment_logger_0025_systolic_aneurysm - INFO - Loss improved to 0.124959. Resetting early stopping counter.
2024-12-29 10:33:19,111 - experiment_logger_0025_systolic_aneurysm - INFO - Saved best model checkpoint to '../../models\0025_systolic_aneurysm\best_model_0025_systolic_aneurysm.pt'.
2024-12-29 10:33:23,249 - experiment_logger_0025_systolic_aneurysm - INFO - Loss improved to 0.117376. Resetting early stopping counter.
2024-12-29 10:33:23,340 - experiment_logger_0025_systolic_aneurysm - INFO - Saved best model checkpoint to '../../models\0025_systolic_aneurysm\best_model_0025_systolic_aneurysm.pt'.
2024-12-29 10:33:27,456 - experiment_logger_0025_systolic_aneurysm - INFO - Loss improved to 0.113792. Resetting early stopping counter.
2024-12-29 10:33:27,548 - experiment_logger_0025_systolic_aneurysm - INFO - Saved best model checkpoint to '../../models\0025_systolic_aneurysm\best_model_0025_systolic_aneurysm.pt'.
2024-12-29 10:33:31,640 - experiment_logger_0025_systolic_aneurysm - INFO - No improvement in loss. Early stopping counter: 1/5.
2024-12-29 10:33:35,776 - experiment_logger_0025_systolic_aneurysm - INFO - Loss improved to 0.112120. Resetting early stopping counter.
2024-12-29 10:33:35,869 - experiment_logger_0025_systolic_aneurysm - INFO - Saved best model checkpoint to '../../models\0025_systolic_aneurysm\best_model_0025_systolic_aneurysm.pt'.
2024-12-29 10:33:40,006 - experiment_logger_0025_systolic_aneurysm - INFO - Loss improved to 0.105335. Resetting early stopping counter.
2024-12-29 10:33:40,098 - experiment_logger_0025_systolic_aneurysm - INFO - Saved best model checkpoint to '../../models\0025_systolic_aneurysm\best_model_0025_systolic_aneurysm.pt'.
2024-12-29 10:33:44,219 - experiment_logger_0025_systolic_aneurysm - INFO - Loss improved to 0.100220. Resetting early stopping counter.
2024-12-29 10:33:44,311 - experiment_logger_0025_systolic_aneurysm - INFO - Saved best model checkpoint to '../../models\0025_systolic_aneurysm\best_model_0025_systolic_aneurysm.pt'.
2024-12-29 10:33:48,412 - experiment_logger_0025_systolic_aneurysm - INFO - No improvement in loss. Early stopping counter: 1/5.
2024-12-29 10:33:52,626 - experiment_logger_0025_systolic_aneurysm - INFO - Loss improved to 0.095024. Resetting early stopping counter.
2024-12-29 10:33:52,717 - experiment_logger_0025_systolic_aneurysm - INFO - Saved best model checkpoint to '../../models\0025_systolic_aneurysm\best_model_0025_systolic_aneurysm.pt'.
2024-12-29 10:33:56,914 - experiment_logger_0025_systolic_aneurysm - INFO - No improvement in loss. Early stopping counter: 1/5.
2024-12-29 10:34:01,047 - experiment_logger_0025_systolic_aneurysm - INFO - Loss improved to 0.093486. Resetting early stopping counter.
2024-12-29 10:34:01,139 - experiment_logger_0025_systolic_aneurysm - INFO - Saved best model checkpoint to '../../models\0025_systolic_aneurysm\best_model_0025_systolic_aneurysm.pt'.
2024-12-29 10:34:05,305 - experiment_logger_0025_systolic_aneurysm - INFO - No improvement in loss. Early stopping counter: 1/5.
2024-12-29 10:34:09,490 - experiment_logger_0025_systolic_aneurysm - INFO - Loss improved to 0.089528. Resetting early stopping counter.
2024-12-29 10:34:09,584 - experiment_logger_0025_systolic_aneurysm - INFO - Saved best model checkpoint to '../../models\0025_systolic_aneurysm\best_model_0025_systolic_aneurysm.pt'.
2024-12-29 10:34:13,693 - experiment_logger_0025_systolic_aneurysm - INFO - No improvement in loss. Early stopping counter: 1/5.
2024-12-29 10:34:17,865 - experiment_logger_0025_systolic_aneurysm - INFO - Loss improved to 0.083539. Resetting early stopping counter.
2024-12-29 10:34:17,961 - experiment_logger_0025_systolic_aneurysm - INFO - Saved best model checkpoint to '../../models\0025_systolic_aneurysm\best_model_0025_systolic_aneurysm.pt'.
2024-12-29 10:34:22,167 - experiment_logger_0025_systolic_aneurysm - INFO - Loss improved to 0.082658. Resetting early stopping counter.
2024-12-29 10:34:22,259 - experiment_logger_0025_systolic_aneurysm - INFO - Saved best model checkpoint to '../../models\0025_systolic_aneurysm\best_model_0025_systolic_aneurysm.pt'.
2024-12-29 10:34:26,468 - experiment_logger_0025_systolic_aneurysm - INFO - No improvement in loss. Early stopping counter: 1/5.
2024-12-29 10:34:30,578 - experiment_logger_0025_systolic_aneurysm - INFO - No improvement in loss. Early stopping counter: 2/5.
2024-12-29 10:34:34,761 - experiment_logger_0025_systolic_aneurysm - INFO - Loss improved to 0.082551. Resetting early stopping counter.
2024-12-29 10:34:34,851 - experiment_logger_0025_systolic_aneurysm - INFO - Saved best model checkpoint to '../../models\0025_systolic_aneurysm\best_model_0025_systolic_aneurysm.pt'.
2024-12-29 10:34:38,973 - experiment_logger_0025_systolic_aneurysm - INFO - Loss improved to 0.079986. Resetting early stopping counter.
2024-12-29 10:34:39,065 - experiment_logger_0025_systolic_aneurysm - INFO - Saved best model checkpoint to '../../models\0025_systolic_aneurysm\best_model_0025_systolic_aneurysm.pt'.
2024-12-29 10:34:43,243 - experiment_logger_0025_systolic_aneurysm - INFO - Loss improved to 0.079549. Resetting early stopping counter.
2024-12-29 10:34:43,337 - experiment_logger_0025_systolic_aneurysm - INFO - Saved best model checkpoint to '../../models\0025_systolic_aneurysm\best_model_0025_systolic_aneurysm.pt'.
2024-12-29 10:34:47,652 - experiment_logger_0025_systolic_aneurysm - INFO - Loss improved to 0.078611. Resetting early stopping counter.
2024-12-29 10:34:47,745 - experiment_logger_0025_systolic_aneurysm - INFO - Saved best model checkpoint to '../../models\0025_systolic_aneurysm\best_model_0025_systolic_aneurysm.pt'.
2024-12-29 10:34:51,961 - experiment_logger_0025_systolic_aneurysm - INFO - Loss improved to 0.077303. Resetting early stopping counter.
2024-12-29 10:34:52,054 - experiment_logger_0025_systolic_aneurysm - INFO - Saved best model checkpoint to '../../models\0025_systolic_aneurysm\best_model_0025_systolic_aneurysm.pt'.
2024-12-29 10:34:56,171 - experiment_logger_0025_systolic_aneurysm - INFO - Loss improved to 0.076479. Resetting early stopping counter.
2024-12-29 10:34:56,262 - experiment_logger_0025_systolic_aneurysm - INFO - Saved best model checkpoint to '../../models\0025_systolic_aneurysm\best_model_0025_systolic_aneurysm.pt'.
2024-12-29 10:34:56,263 - experiment_logger_0025_systolic_aneurysm - INFO - Epoch 50/500 - Total: 0.076479, Physics: 0.009752, Boundary: 0.011354, Data: 0.018579, Inlet: 0.041906
2024-12-29 10:34:56,264 - experiment_logger_0025_systolic_aneurysm - INFO - Lambda Physics: 0.9579 Lambda Boundary: 0.9418 Lambda Data: 0.9523 Lambda Inlet: 0.9237
2024-12-29 10:35:00,440 - experiment_logger_0025_systolic_aneurysm - INFO - No improvement in loss. Early stopping counter: 1/5.
2024-12-29 10:35:04,612 - experiment_logger_0025_systolic_aneurysm - INFO - Loss improved to 0.076236. Resetting early stopping counter.
2024-12-29 10:35:04,703 - experiment_logger_0025_systolic_aneurysm - INFO - Saved best model checkpoint to '../../models\0025_systolic_aneurysm\best_model_0025_systolic_aneurysm.pt'.
2024-12-29 10:35:08,876 - experiment_logger_0025_systolic_aneurysm - INFO - Loss improved to 0.074653. Resetting early stopping counter.
2024-12-29 10:35:08,966 - experiment_logger_0025_systolic_aneurysm - INFO - Saved best model checkpoint to '../../models\0025_systolic_aneurysm\best_model_0025_systolic_aneurysm.pt'.
2024-12-29 10:35:13,184 - experiment_logger_0025_systolic_aneurysm - INFO - No improvement in loss. Early stopping counter: 1/5.
2024-12-29 10:35:17,365 - experiment_logger_0025_systolic_aneurysm - INFO - No improvement in loss. Early stopping counter: 2/5.
2024-12-29 10:35:21,535 - experiment_logger_0025_systolic_aneurysm - INFO - Loss improved to 0.072361. Resetting early stopping counter.
2024-12-29 10:35:21,627 - experiment_logger_0025_systolic_aneurysm - INFO - Saved best model checkpoint to '../../models\0025_systolic_aneurysm\best_model_0025_systolic_aneurysm.pt'.
2024-12-29 10:35:25,816 - experiment_logger_0025_systolic_aneurysm - INFO - No improvement in loss. Early stopping counter: 1/5.
2024-12-29 10:35:30,007 - experiment_logger_0025_systolic_aneurysm - INFO - No improvement in loss. Early stopping counter: 2/5.
2024-12-29 10:35:34,151 - experiment_logger_0025_systolic_aneurysm - INFO - Loss improved to 0.072136. Resetting early stopping counter.
2024-12-29 10:35:34,296 - experiment_logger_0025_systolic_aneurysm - INFO - Saved best model checkpoint to '../../models\0025_systolic_aneurysm\best_model_0025_systolic_aneurysm.pt'.
2024-12-29 10:35:38,462 - experiment_logger_0025_systolic_aneurysm - INFO - Loss improved to 0.070184. Resetting early stopping counter.
2024-12-29 10:35:38,555 - experiment_logger_0025_systolic_aneurysm - INFO - Saved best model checkpoint to '../../models\0025_systolic_aneurysm\best_model_0025_systolic_aneurysm.pt'.
2024-12-29 10:35:42,717 - experiment_logger_0025_systolic_aneurysm - INFO - No improvement in loss. Early stopping counter: 1/5.
2024-12-29 10:35:46,895 - experiment_logger_0025_systolic_aneurysm - INFO - No improvement in loss. Early stopping counter: 2/5.
2024-12-29 10:35:51,083 - experiment_logger_0025_systolic_aneurysm - INFO - Loss improved to 0.069926. Resetting early stopping counter.
2024-12-29 10:35:51,176 - experiment_logger_0025_systolic_aneurysm - INFO - Saved best model checkpoint to '../../models\0025_systolic_aneurysm\best_model_0025_systolic_aneurysm.pt'.
2024-12-29 10:35:55,352 - experiment_logger_0025_systolic_aneurysm - INFO - No improvement in loss. Early stopping counter: 1/5.
2024-12-29 10:35:59,480 - experiment_logger_0025_systolic_aneurysm - INFO - Loss improved to 0.067958. Resetting early stopping counter.
2024-12-29 10:35:59,623 - experiment_logger_0025_systolic_aneurysm - INFO - Saved best model checkpoint to '../../models\0025_systolic_aneurysm\best_model_0025_systolic_aneurysm.pt'.
2024-12-29 10:36:03,706 - experiment_logger_0025_systolic_aneurysm - INFO - Loss improved to 0.067909. Resetting early stopping counter.
2024-12-29 10:36:03,798 - experiment_logger_0025_systolic_aneurysm - INFO - Saved best model checkpoint to '../../models\0025_systolic_aneurysm\best_model_0025_systolic_aneurysm.pt'.
2024-12-29 10:36:07,994 - experiment_logger_0025_systolic_aneurysm - INFO - No improvement in loss. Early stopping counter: 1/5.
2024-12-29 10:36:12,228 - experiment_logger_0025_systolic_aneurysm - INFO - Loss improved to 0.067706. Resetting early stopping counter.
2024-12-29 10:36:12,321 - experiment_logger_0025_systolic_aneurysm - INFO - Saved best model checkpoint to '../../models\0025_systolic_aneurysm\best_model_0025_systolic_aneurysm.pt'.
2024-12-29 10:36:16,518 - experiment_logger_0025_systolic_aneurysm - INFO - No improvement in loss. Early stopping counter: 1/5.
2024-12-29 10:36:20,629 - experiment_logger_0025_systolic_aneurysm - INFO - No improvement in loss. Early stopping counter: 2/5.
2024-12-29 10:36:24,791 - experiment_logger_0025_systolic_aneurysm - INFO - No improvement in loss. Early stopping counter: 3/5.
2024-12-29 10:36:28,970 - experiment_logger_0025_systolic_aneurysm - INFO - Loss improved to 0.066332. Resetting early stopping counter.
2024-12-29 10:36:29,062 - experiment_logger_0025_systolic_aneurysm - INFO - Saved best model checkpoint to '../../models\0025_systolic_aneurysm\best_model_0025_systolic_aneurysm.pt'.
2024-12-29 10:36:33,243 - experiment_logger_0025_systolic_aneurysm - INFO - No improvement in loss. Early stopping counter: 1/5.
2024-12-29 10:36:37,390 - experiment_logger_0025_systolic_aneurysm - INFO - No improvement in loss. Early stopping counter: 2/5.
2024-12-29 10:36:41,534 - experiment_logger_0025_systolic_aneurysm - INFO - No improvement in loss. Early stopping counter: 3/5.
2024-12-29 10:36:45,721 - experiment_logger_0025_systolic_aneurysm - INFO - Loss improved to 0.065978. Resetting early stopping counter.
2024-12-29 10:36:45,815 - experiment_logger_0025_systolic_aneurysm - INFO - Saved best model checkpoint to '../../models\0025_systolic_aneurysm\best_model_0025_systolic_aneurysm.pt'.
2024-12-29 10:36:49,974 - experiment_logger_0025_systolic_aneurysm - INFO - Loss improved to 0.065882. Resetting early stopping counter.
2024-12-29 10:36:50,067 - experiment_logger_0025_systolic_aneurysm - INFO - Saved best model checkpoint to '../../models\0025_systolic_aneurysm\best_model_0025_systolic_aneurysm.pt'.
2024-12-29 10:36:54,264 - experiment_logger_0025_systolic_aneurysm - INFO - Loss improved to 0.065086. Resetting early stopping counter.
2024-12-29 10:36:54,356 - experiment_logger_0025_systolic_aneurysm - INFO - Saved best model checkpoint to '../../models\0025_systolic_aneurysm\best_model_0025_systolic_aneurysm.pt'.
2024-12-29 10:36:58,483 - experiment_logger_0025_systolic_aneurysm - INFO - Loss improved to 0.062952. Resetting early stopping counter.
2024-12-29 10:36:58,578 - experiment_logger_0025_systolic_aneurysm - INFO - Saved best model checkpoint to '../../models\0025_systolic_aneurysm\best_model_0025_systolic_aneurysm.pt'.
2024-12-29 10:37:02,764 - experiment_logger_0025_systolic_aneurysm - INFO - No improvement in loss. Early stopping counter: 1/5.
2024-12-29 10:37:06,963 - experiment_logger_0025_systolic_aneurysm - INFO - No improvement in loss. Early stopping counter: 2/5.
2024-12-29 10:37:11,140 - experiment_logger_0025_systolic_aneurysm - INFO - No improvement in loss. Early stopping counter: 3/5.
2024-12-29 10:37:15,360 - experiment_logger_0025_systolic_aneurysm - INFO - No improvement in loss. Early stopping counter: 4/5.
2024-12-29 10:37:19,541 - experiment_logger_0025_systolic_aneurysm - INFO - No improvement in loss. Early stopping counter: 5/5.
2024-12-29 10:37:19,541 - experiment_logger_0025_systolic_aneurysm - INFO - Early stopping triggered.
2024-12-29 10:37:19,542 - experiment_logger_0025_systolic_aneurysm - INFO - Early stopping at epoch 84
2024-12-29 10:37:19,542 - experiment_logger_0025_systolic_aneurysm - INFO - Training completed.
2024-12-29 10:37:19,946 - experiment_logger_0025_systolic_aneurysm - INFO - Saved metrics summary to '../../reports/metrics\0025_systolic_aneurysm\metrics_summary_0025_systolic_aneurysm.csv'.
2024-12-29 10:37:21,865 - experiment_logger_0025_systolic_aneurysm - INFO - Saved Pressure distribution plots to '../../figures\0025_systolic_aneurysm\pressure_distribution_0025_systolic_aneurysm.png'.
2024-12-29 10:37:23,828 - experiment_logger_0025_systolic_aneurysm - INFO - Saved WSS Magnitude distribution plots to '../../figures\0025_systolic_aneurysm\wss_magnitude_distribution_0025_systolic_aneurysm.png'.
2024-12-29 10:37:23,832 - experiment_logger_0025_systolic_aneurysm - WARNING - No data found for y=0.5, z=0.5 with tol=0.001. Increasing tolerance.
2024-12-29 10:37:23,833 - experiment_logger_0025_systolic_aneurysm - WARNING - No data found for y=0.5, z=0.5 with tol=0.002. Increasing tolerance.
2024-12-29 10:37:23,834 - experiment_logger_0025_systolic_aneurysm - WARNING - No data found for y=0.5, z=0.5 with tol=0.003. Increasing tolerance.
2024-12-29 10:37:23,836 - experiment_logger_0025_systolic_aneurysm - WARNING - No data found for y=0.5, z=0.5 with tol=0.004. Increasing tolerance.
2024-12-29 10:37:23,838 - experiment_logger_0025_systolic_aneurysm - WARNING - No data found for y=0.5, z=0.5 with tol=0.005. Increasing tolerance.
2024-12-29 10:37:23,840 - experiment_logger_0025_systolic_aneurysm - WARNING - No data found for y=0.5, z=0.5 with tol=0.006. Increasing tolerance.
2024-12-29 10:37:23,841 - experiment_logger_0025_systolic_aneurysm - WARNING - No data found for y=0.5, z=0.5 with tol=0.007. Increasing tolerance.
2024-12-29 10:37:23,842 - experiment_logger_0025_systolic_aneurysm - WARNING - No data found for y=0.5, z=0.5 with tol=0.008. Increasing tolerance.
2024-12-29 10:37:23,844 - experiment_logger_0025_systolic_aneurysm - INFO - Selected y=0.5 and z=0.5 with tolerance=0.009000000000000001.
2024-12-29 10:37:24,703 - experiment_logger_0025_systolic_aneurysm - INFO - Saved WSS line profiles to '../../figures\0025_systolic_aneurysm\wss_line_profiles_0025_systolic_aneurysm.png'.
2024-12-29 10:37:25,277 - experiment_logger_0025_systolic_aneurysm - INFO - Saved WSS Magnitude histogram plot to '../../figures\0025_systolic_aneurysm\wss_magnitude_histogram_0025_systolic_aneurysm.png'.
2024-12-29 10:37:25,905 - experiment_logger_0025_systolic_aneurysm - INFO - Saved loss curves plot to '../../figures\0025_systolic_aneurysm\0025_systolic_aneurysm\loss_curves_0025_systolic_aneurysm.png'.
2024-12-29 10:37:26,019 - experiment_logger_0025_systolic_aneurysm - INFO - Saved final model checkpoint to '../../models\0025_systolic_aneurysm\final_model_0025_systolic_aneurysm.pt'.
2024-12-29 10:37:26,020 - experiment_logger_0025_systolic_aneurysm - INFO - Completed experiment for dataset '0025_systolic_aneurysm'.
